{
  "RSpec": {
    "coverage": {
      "/home/poise/Desktop/CSCI3100/Project/TeamFlow/spec/controllers/tasks_controller_spec.rb": {
        "lines": [
          1,
          null,
          1,
          1,
          null,
          5,
          null,
          3,
          null,
          null,
          null,
          null,
          null,
          null,
          null,
          3,
          null,
          null,
          null,
          null,
          null,
          null,
          null,
          1,
          2,
          null,
          1,
          1,
          null,
          null,
          null,
          null,
          null,
          1,
          1,
          null,
          null,
          null,
          1,
          2,
          null,
          null,
          null,
          null,
          null,
          null,
          null,
          null,
          2,
          null,
          1,
          1,
          1,
          1,
          null,
          null,
          null,
          1,
          1,
          3,
          null,
          1,
          1,
          1,
          null,
          null,
          1,
          1,
          1,
          1,
          1,
          1,
          1,
          null,
          null,
          null,
          1,
          1,
          1,
          1,
          null,
          null,
          null,
          null
        ]
      },
      "/home/poise/Desktop/CSCI3100/Project/TeamFlow/spec/rails_helper.rb": {
        "lines": [
          null,
          1,
          1,
          1,
          null,
          1,
          null,
          null,
          null,
          1,
          null,
          null,
          null,
          null,
          null,
          null,
          null,
          null,
          null,
          null,
          null,
          null,
          null,
          null,
          null,
          null,
          null,
          null,
          null,
          null,
          null,
          null,
          1,
          null,
          0,
          null,
          1,
          null,
          1,
          1,
          1,
          1,
          null,
          null,
          1,
          null,
          null,
          null,
          null,
          null,
          null,
          1,
          null,
          null,
          1,
          null,
          null,
          null,
          null,
          null,
          null,
          null,
          null,
          null,
          null,
          null,
          null,
          null,
          null,
          null,
          null,
          null,
          null,
          null,
          null,
          null,
          null,
          1,
          null,
          null,
          null
        ]
      },
      "/home/poise/Desktop/CSCI3100/Project/TeamFlow/config/environment.rb": {
        "lines": [
          null,
          1,
          null,
          null,
          1
        ]
      },
      "/home/poise/Desktop/CSCI3100/Project/TeamFlow/config/application.rb": {
        "lines": [
          1,
          null,
          1,
          null,
          null,
          null,
          1,
          null,
          1,
          1,
          null,
          1,
          null,
          null,
          null,
          null,
          1,
          null,
          null,
          null,
          null,
          null,
          null,
          null,
          null,
          null,
          null
        ]
      },
      "/home/poise/Desktop/CSCI3100/Project/TeamFlow/config/boot.rb": {
        "lines": [
          1,
          null,
          1,
          1
        ]
      },
      "/home/poise/Desktop/CSCI3100/Project/TeamFlow/config/environments/test.rb": {
        "lines": [
          null,
          null,
          null,
          null,
          null,
          1,
          null,
          1,
          1,
          null,
          null,
          null,
          null,
          1,
          null,
          null,
          null,
          null,
          null,
          1,
          null,
          null,
          1,
          null,
          null,
          1,
          1,
          null,
          null,
          1,
          null,
          null,
          1,
          null,
          null,
          1,
          null,
          null,
          null,
          null,
          1,
          null,
          null,
          1,
          null,
          null,
          1,
          null,
          null,
          null,
          null,
          null,
          null,
          null,
          null,
          1,
          null
        ]
      },
      "/home/poise/Desktop/CSCI3100/Project/TeamFlow/config/initializers/assets.rb": {
        "lines": [
          null,
          null,
          null,
          1,
          null,
          null,
          null
        ]
      },
      "/home/poise/Desktop/CSCI3100/Project/TeamFlow/config/initializers/content_security_policy.rb": {
        "lines": [
          null,
          null,
          null,
          null,
          null,
          null,
          null,
          null,
          null,
          null,
          null,
          null,
          null,
          null,
          null,
          null,
          null,
          null,
          null,
          null,
          null,
          null,
          null,
          null,
          null,
          null,
          null,
          null,
          null
        ]
      },
      "/home/poise/Desktop/CSCI3100/Project/TeamFlow/config/initializers/devise.rb": {
        "lines": [
          null,
          null,
          null,
          null,
          null,
          null,
          null,
          null,
          null,
          null,
          1,
          null,
          null,
          null,
          null,
          null,
          null,
          null,
          null,
          null,
          null,
          null,
          null,
          null,
          null,
          null,
          1,
          null,
          null,
          null,
          null,
          null,
          null,
          null,
          null,
          null,
          null,
          null,
          1,
          null,
          null,
          null,
          null,
          null,
          null,
          null,
          null,
          null,
          null,
          null,
          null,
          null,
          null,
          null,
          null,
          null,
          null,
          null,
          null,
          null,
          1,
          null,
          null,
          null,
          null,
          1,
          null,
          null,
          null,
          null,
          null,
          null,
          null,
          null,
          null,
          null,
          null,
          null,
          null,
          null,
          null,
          null,
          null,
          null,
          null,
          null,
          null,
          null,
          null,
          null,
          null,
          null,
          null,
          null,
          null,
          null,
          null,
          null,
          null,
          1,
          null,
          null,
          null,
          null,
          null,
          null,
          null,
          null,
          null,
          null,
          null,
          null,
          null,
          null,
          null,
          null,
          null,
          null,
          null,
          null,
          null,
          null,
          null,
          null,
          null,
          1,
          null,
          null,
          null,
          null,
          null,
          null,
          null,
          null,
          null,
          null,
          null,
          null,
          null,
          null,
          null,
          null,
          null,
          null,
          null,
          null,
          null,
          null,
          null,
          null,
          null,
          null,
          null,
          null,
          null,
          null,
          null,
          null,
          null,
          1,
          null,
          null,
          null,
          null,
          null,
          null,
          null,
          null,
          null,
          1,
          null,
          null,
          null,
          null,
          null,
          null,
          null,
          null,
          null,
          null,
          1,
          null,
          null,
          null,
          null,
          1,
          null,
          null,
          null,
          null,
          null,
          null,
          null,
          null,
          null,
          null,
          null,
          null,
          null,
          null,
          null,
          null,
          null,
          null,
          null,
          null,
          null,
          null,
          null,
          null,
          null,
          null,
          null,
          null,
          null,
          null,
          null,
          null,
          null,
          null,
          null,
          null,
          null,
          null,
          null,
          null,
          1,
          null,
          null,
          null,
          null,
          null,
          null,
          null,
          null,
          null,
          null,
          null,
          null,
          null,
          null,
          null,
          null,
          null,
          null,
          null,
          null,
          null,
          null,
          null,
          null,
          null,
          null,
          null,
          null,
          null,
          null,
          null,
          null,
          null,
          null,
          null,
          null,
          null,
          null,
          null,
          null,
          null,
          1,
          null,
          null,
          null,
          null,
          null,
          null,
          null,
          null,
          null,
          null,
          null,
          null,
          null,
          null,
          null,
          null,
          null,
          null,
          null,
          null,
          null,
          null,
          null,
          null,
          null,
          null,
          null,
          null,
          null,
          null,
          null,
          null,
          null,
          null,
          null,
          1,
          1,
          null,
          null,
          null,
          null,
          null,
          null,
          null
        ]
      },
      "/home/poise/Desktop/CSCI3100/Project/TeamFlow/config/initializers/filter_parameter_logging.rb": {
        "lines": [
          null,
          null,
          null,
          null,
          null,
          1,
          null,
          null
        ]
      },
      "/home/poise/Desktop/CSCI3100/Project/TeamFlow/config/initializers/inflections.rb": {
        "lines": [
          null,
          null,
          null,
          null,
          null,
          null,
          null,
          null,
          null,
          null,
          null,
          null,
          null,
          null,
          null,
          null
        ]
      },
      "/home/poise/Desktop/CSCI3100/Project/TeamFlow/app/helpers/application_helper.rb": {
        "lines": [
          1,
          null
        ]
      },
      "/home/poise/Desktop/CSCI3100/Project/TeamFlow/app/helpers/welcome_helper.rb": {
        "lines": [
          1,
          null
        ]
      },
      "/home/poise/Desktop/CSCI3100/Project/TeamFlow/app/controllers/tasks_controller.rb": {
        "lines": [
          1,
          1,
          null,
          null,
          null,
          1,
          1,
          0,
          0,
          null,
          null,
          1,
          1,
          null,
          null,
          null,
          1,
          2,
          null,
          2,
          1,
          null,
          null,
          1,
          null,
          null,
          null,
          null,
          null,
          1,
          9,
          1,
          null,
          null,
          8,
          0,
          null,
          null,
          8,
          8,
          8,
          null,
          8,
          3,
          3,
          0,
          null,
          null,
          null,
          8,
          7,
          3,
          3,
          null,
          7,
          null,
          1,
          null,
          null,
          null,
          null,
          null,
          1,
          3,
          null,
          3,
          1,
          null,
          null,
          2,
          2,
          null,
          0,
          null,
          null,
          null,
          null,
          null,
          1,
          2,
          null,
          2,
          1,
          null,
          null,
          1,
          1,
          null,
          null,
          null,
          null,
          1,
          3,
          null,
          3,
          0,
          null,
          null,
          3,
          0,
          null,
          null,
          3,
          3,
          1,
          null,
          null,
          2,
          0,
          null,
          null,
          2,
          0,
          null,
          null,
          2,
          2,
          2,
          2,
          2,
          null,
          null,
          2,
          null,
          0,
          null,
          null,
          null,
          null,
          1,
          2,
          null,
          2,
          1,
          null,
          null,
          1,
          1,
          null,
          null,
          null,
          null,
          1,
          5,
          null,
          5,
          0,
          null,
          null,
          5,
          0,
          null,
          null,
          5,
          5,
          1,
          null,
          4,
          null,
          null,
          0,
          null,
          0,
          null,
          null,
          null,
          null,
          1,
          2,
          null,
          2,
          1,
          null,
          null,
          1,
          0,
          null,
          null,
          1,
          1,
          null,
          2,
          null,
          null,
          null,
          null,
          null,
          null,
          null,
          null,
          null,
          null,
          1,
          2,
          null,
          2,
          1,
          1,
          null,
          null,
          1,
          null,
          1,
          0,
          null,
          1,
          null,
          null,
          null,
          1,
          null,
          1,
          8,
          null,
          null,
          1,
          2,
          null,
          null,
          1,
          3,
          2,
          null,
          1,
          null,
          null
        ]
      },
      "/home/poise/Desktop/CSCI3100/Project/TeamFlow/app/controllers/application_controller.rb": {
        "lines": [
          1,
          null,
          1,
          null,
          null,
          1,
          null,
          null,
          85,
          null
        ]
      },
      "/home/poise/Desktop/CSCI3100/Project/TeamFlow/spec/jobs/deadline_reminder_job_spec.rb": {
        "lines": [
          1,
          null,
          1,
          5,
          5,
          4,
          null,
          1,
          1,
          1,
          null,
          null,
          null,
          null,
          null,
          null,
          1,
          1,
          null,
          null,
          null,
          1,
          1,
          null,
          null,
          null,
          null,
          null,
          null,
          1,
          1,
          null,
          null,
          null,
          1,
          1,
          null,
          null,
          null,
          null,
          null,
          1,
          null,
          1,
          1,
          null,
          null,
          null,
          1,
          1,
          null,
          null,
          null,
          null,
          null,
          1,
          1,
          null,
          null,
          null,
          1,
          1,
          1,
          null,
          null,
          null,
          null
        ]
      },
      "/home/poise/Desktop/CSCI3100/Project/TeamFlow/app/jobs/deadline_reminder_job.rb": {
        "lines": [
          1,
          1,
          null,
          1,
          5,
          null,
          5,
          null,
          null,
          null,
          null,
          5,
          1,
          null,
          null,
          null
        ]
      },
      "/home/poise/Desktop/CSCI3100/Project/TeamFlow/app/jobs/application_job.rb": {
        "lines": [
          1,
          null,
          null,
          null,
          null,
          null,
          null
        ]
      },
      "/home/poise/Desktop/CSCI3100/Project/TeamFlow/spec/mailers/task_mailer_spec.rb": {
        "lines": [
          1,
          null,
          1,
          12,
          12,
          12,
          1,
          11,
          null,
          null,
          null,
          null,
          null,
          null,
          null,
          null,
          null,
          1,
          7,
          null,
          1,
          1,
          null,
          null,
          1,
          1,
          null,
          null,
          1,
          1,
          null,
          null,
          1,
          1,
          null,
          null,
          1,
          1,
          null,
          null,
          1,
          1,
          null,
          null,
          null,
          1,
          6,
          null,
          1,
          1,
          null,
          null,
          1,
          1,
          null,
          null,
          1,
          1,
          null,
          null,
          1,
          1,
          null,
          null,
          1,
          1,
          null,
          null,
          null
        ]
      },
      "/home/poise/Desktop/CSCI3100/Project/TeamFlow/app/mailers/task_mailer.rb": {
        "lines": [
          1,
          1,
          6,
          6,
          6,
          6,
          null,
          null,
          null,
          null,
          null,
          1,
          5,
          5,
          5,
          null,
          null,
          null,
          null,
          null
        ]
      },
      "/home/poise/Desktop/CSCI3100/Project/TeamFlow/app/mailers/application_mailer.rb": {
        "lines": [
          1,
          1,
          1,
          null
        ]
      },
      "/home/poise/Desktop/CSCI3100/Project/TeamFlow/spec/models/task_history_spec.rb": {
        "lines": [
          1,
          null,
          1,
          9,
          9,
          8,
          9,
          null,
          1,
          1,
          1,
          1,
          null,
          null,
          1,
          1,
          1,
          1,
          null,
          1,
          1,
          null,
          1,
          1,
          null,
          null,
          null,
          1,
          1,
          1,
          1,
          1,
          4,
          null,
          null,
          1,
          1,
          1,
          1,
          1,
          null,
          null,
          null,
          1,
          1,
          1,
          1,
          null,
          null,
          1,
          1,
          1,
          null,
          null,
          1,
          1,
          4,
          null,
          null,
          1,
          1,
          1,
          4,
          null,
          null,
          null
        ]
      },
      "/home/poise/Desktop/CSCI3100/Project/TeamFlow/app/models/task_history.rb": {
        "lines": [
          1,
          1,
          1,
          null,
          1,
          null
        ]
      },
      "/home/poise/Desktop/CSCI3100/Project/TeamFlow/app/models/application_record.rb": {
        "lines": [
          1,
          1,
          null
        ]
      },
      "/home/poise/Desktop/CSCI3100/Project/TeamFlow/spec/models/task_spec.rb": {
        "lines": [
          1,
          null,
          1,
          17,
          17,
          null,
          1,
          17,
          null,
          null,
          null,
          null,
          null,
          null,
          null,
          null,
          1,
          1,
          1,
          null,
          null,
          1,
          1,
          1,
          1,
          null,
          null,
          1,
          1,
          1,
          1,
          null,
          null,
          null,
          1,
          2,
          null,
          1,
          1,
          1,
          null,
          1,
          1,
          null,
          null,
          1,
          1,
          1,
          null,
          null,
          1,
          1,
          1,
          null,
          1,
          1,
          null,
          null,
          1,
          1,
          1,
          null,
          1,
          1,
          null,
          null,
          null,
          1,
          4,
          null,
          1,
          1,
          1,
          null,
          1,
          1,
          null,
          null,
          1,
          1,
          1,
          null,
          1,
          1,
          null,
          null,
          1,
          1,
          1,
          null,
          1,
          1,
          null,
          null,
          1,
          1,
          1,
          null,
          1,
          1,
          null,
          1,
          1,
          null,
          1,
          1,
          null,
          1,
          1,
          1,
          null,
          null,
          1,
          1,
          1,
          null,
          1,
          1,
          1,
          1,
          null,
          1,
          1,
          1,
          null,
          null,
          null,
          1,
          2,
          null,
          1,
          1,
          1,
          1,
          null,
          1,
          1,
          null,
          1,
          3,
          null,
          1,
          1,
          null,
          null,
          null,
          1,
          2,
          null,
          1,
          1,
          1,
          null,
          null,
          1,
          1,
          1,
          null,
          null,
          1,
          1,
          1,
          null,
          null,
          null
        ]
      },
      "/home/poise/Desktop/CSCI3100/Project/TeamFlow/app/models/task.rb": {
        "lines": [
          1,
          1,
          1,
          1,
          1,
          1,
          1,
          null,
          1,
          1,
          null,
          1,
          1,
          1,
          1,
          null,
          1,
          1,
          null,
          1,
          1,
          1,
          null,
          1,
          1,
          1,
          null,
          1,
          1,
          1,
          1,
          1,
          null,
          1,
          2,
          2,
          null,
          null,
          1,
          54,
          null,
          null,
          1,
          2,
          null,
          null,
          1,
          1,
          null,
          null,
          1,
          13,
          13,
          null,
          13,
          5,
          null,
          null,
          null,
          null,
          null,
          null,
          5,
          null,
          8,
          8,
          null,
          null,
          null,
          1,
          2,
          null,
          null,
          1,
          23,
          null,
          23,
          23,
          23,
          null,
          23,
          null,
          null,
          null,
          null,
          1,
          69,
          null,
          null,
          1,
          69,
          276,
          69,
          null,
          null,
          1,
          111,
          null,
          null,
          1,
          69,
          null,
          null,
          1,
          19,
          null,
          1,
          null,
          null,
          1,
          19,
          null,
          1,
          null,
          null,
          1,
          88,
          null,
          41,
          41,
          null,
          1,
          null,
          null,
          1,
          88,
          616,
          null,
          88,
          0,
          null,
          null,
          88,
          null,
          null,
          1,
          10,
          10,
          null,
          10,
          10,
          10,
          null,
          null,
          1,
          123,
          null,
          31,
          null,
          null,
          null,
          null,
          1,
          180,
          null,
          619,
          null,
          null,
          619,
          null,
          null,
          1,
          4,
          null,
          null,
          1,
          5,
          null,
          null,
          1,
          null,
          1,
          69,
          68,
          null,
          null
        ]
      },
      "/home/poise/Desktop/CSCI3100/Project/TeamFlow/spec/models/team_spec.rb": {
        "lines": [
          1,
          null,
          1,
          1,
          1,
          1,
          1,
          null,
          null,
          1,
          1,
          1,
          1,
          null,
          null,
          1,
          1,
          1,
          1,
          1,
          null,
          null,
          1,
          1,
          1,
          1,
          null,
          null,
          null,
          1,
          1,
          1,
          1,
          1,
          null,
          1,
          null,
          null,
          1,
          1,
          1,
          null,
          1,
          1,
          1,
          null,
          null,
          null
        ]
      },
      "/home/poise/Desktop/CSCI3100/Project/TeamFlow/app/models/team.rb": {
        "lines": [
          1,
          1,
          1,
          null,
          1,
          null
        ]
      },
      "/home/poise/Desktop/CSCI3100/Project/TeamFlow/spec/models/user_spec.rb": {
        "lines": [
          1,
          null,
          1,
          1,
          1,
          1,
          1,
          null,
          null,
          1,
          1,
          1,
          1,
          null,
          null,
          1,
          1,
          1,
          null,
          1,
          1,
          null,
          null,
          null,
          1,
          1,
          1,
          1,
          1,
          null,
          null,
          null,
          1,
          1,
          1,
          1,
          1,
          null,
          null,
          null,
          1,
          1,
          1,
          1,
          null,
          1,
          1,
          null,
          1,
          1,
          null,
          null,
          null,
          null
        ]
      },
      "/home/poise/Desktop/CSCI3100/Project/TeamFlow/app/models/user.rb": {
        "lines": [
          1,
          1,
          null,
          1,
          null,
          1,
          1,
          1,
          1,
          null,
          1,
          null,
          1,
          1,
          1,
          null,
          1,
          43,
          null,
          null,
          1,
          5,
          null,
          null,
          null,
          null,
          null,
          null,
          null,
          null,
          null,
          null,
          null,
          null,
          null,
          1,
          null,
          1,
          193,
          null,
          null,
          1,
          236,
          0,
          null,
          236,
          null,
          null,
          236,
          195,
          null,
          null,
          null,
          null
        ]
      },
      "/home/poise/Desktop/CSCI3100/Project/TeamFlow/spec/requests/task_transition_pendings_spec.rb": {
        "lines": [
          1,
          null,
          1,
          4,
          4,
          4,
          null,
          1,
          3,
          null,
          null,
          null,
          null,
          null,
          null,
          null,
          null,
          null,
          null,
          null,
          1,
          1,
          1,
          1,
          1,
          null,
          1,
          1,
          null,
          1,
          1,
          1,
          1,
          null,
          null,
          1,
          1,
          1,
          1,
          1,
          null,
          1,
          1,
          null,
          1,
          1,
          null,
          null,
          null,
          1,
          1,
          1,
          1,
          1,
          null,
          1,
          1,
          null,
          1,
          1,
          1,
          null,
          null,
          null
        ]
      },
      "/home/poise/Desktop/CSCI3100/Project/TeamFlow/spec/requests/tasks_spec.rb": {
        "lines": [
          1,
          null,
          1,
          23,
          21,
          10,
          4,
          3,
          null,
          1,
          15,
          null,
          null,
          1,
          1,
          1,
          null,
          1,
          null,
          null,
          1,
          null,
          null,
          null,
          1,
          1,
          1,
          1,
          1,
          1,
          1,
          1,
          null,
          null,
          1,
          1,
          null,
          1,
          null,
          1,
          null,
          null,
          null,
          null,
          1,
          1,
          1,
          null,
          null,
          1,
          1,
          null,
          1,
          null,
          1,
          null,
          null,
          null,
          null,
          null,
          1,
          1,
          1,
          1,
          null,
          null,
          1,
          1,
          1,
          null,
          1,
          null,
          1,
          null,
          null,
          null,
          null,
          null,
          1,
          1,
          1,
          1,
          1,
          null,
          null,
          1,
          1,
          null,
          1,
          null,
          1,
          null,
          null,
          1,
          1,
          null,
          1,
          null,
          1,
          null,
          null,
          null,
          1,
          1,
          1,
          1,
          1,
          1,
          null,
          1,
          1,
          1,
          3,
          1,
          1,
          null,
          2,
          1,
          null,
          null,
          null,
          1,
          1,
          1,
          1,
          null,
          1,
          1,
          1,
          1,
          1,
          1,
          null,
          null,
          1,
          1,
          1,
          null,
          1,
          null,
          1,
          null,
          null,
          null,
          1,
          1,
          1,
          1,
          null,
          1,
          null,
          1,
          1,
          1,
          1,
          1,
          null,
          null,
          1,
          1,
          1,
          1,
          null,
          1,
          null,
          1,
          null,
          null,
          null,
          1,
          1,
          1,
          1,
          null,
          1,
          null,
          1,
          1,
          null,
          null,
          1,
          1,
          1,
          null,
          1,
          null,
          1,
          1,
          null,
          null,
          null,
          1,
          1,
          1,
          1,
          null,
          1,
          null,
          1,
          1,
          1,
          null,
          null,
          1,
          1,
          1,
          1,
          null,
          1,
          null,
          1,
          1,
          1,
          null,
          null,
          1,
          1,
          1,
          1,
          null,
          1,
          null,
          1,
          1,
          null,
          null,
          null,
          1,
          1,
          1,
          1,
          1,
          null,
          1,
          null,
          null,
          null,
          null,
          null,
          1,
          null,
          1,
          1,
          null,
          1,
          1,
          1,
          null,
          1,
          1,
          null,
          1,
          1,
          null,
          1,
          1,
          null,
          null,
          1,
          1,
          1,
          1,
          null,
          1,
          null,
          null,
          null,
          null,
          null,
          1,
          null,
          1,
          1,
          1,
          null,
          1,
          1,
          1,
          null,
          null,
          null,
          1,
          1,
          1,
          1,
          null,
          1,
          null,
          1,
          1,
          1,
          null,
          null,
          1,
          1,
          1,
          1,
          null,
          1,
          null,
          1,
          null,
          null,
          null,
          1,
          1,
          1,
          1,
          1,
          null,
          1,
          1,
          null,
          1,
          1,
          2,
          3,
          null,
          1,
          1,
          1,
          1,
          null,
          null,
          1,
          1,
          1,
          null,
          1,
          null,
          1,
          null,
          null,
          null
        ]
      },
      "/home/poise/Desktop/CSCI3100/Project/TeamFlow/spec/requests/team_members_spec.rb": {
        "lines": [
          1,
          null,
          1,
          10,
          7,
          6,
          null,
          1,
          1,
          1,
          1,
          null,
          1,
          null,
          1,
          1,
          3,
          1,
          null,
          null,
          1,
          1,
          null,
          1,
          null,
          1,
          null,
          null,
          null,
          1,
          1,
          1,
          1,
          null,
          1,
          null,
          1,
          1,
          1,
          1,
          null,
          null,
          1,
          1,
          null,
          1,
          null,
          1,
          1,
          1,
          1,
          1,
          null,
          null,
          1,
          1,
          1,
          null,
          1,
          null,
          1,
          null,
          null,
          1,
          1,
          null,
          1,
          null,
          1,
          null,
          null,
          null,
          1,
          1,
          1,
          null,
          1,
          null,
          1,
          1,
          1,
          1,
          null,
          null,
          1,
          1,
          null,
          1,
          null,
          1,
          null,
          null,
          1,
          1,
          1,
          null,
          1,
          null,
          1,
          null,
          null,
          null
        ]
      },
      "/home/poise/Desktop/CSCI3100/Project/TeamFlow/spec/requests/teams_spec.rb": {
        "lines": [
          1,
          null,
          1,
          1,
          1,
          1,
          1,
          null,
          1,
          null,
          1,
          1,
          1,
          1,
          1,
          null,
          null,
          1,
          1,
          1,
          1,
          null,
          1,
          null,
          1,
          1,
          null,
          null,
          null,
          1,
          4,
          3,
          2,
          null,
          1,
          1,
          1,
          null,
          1,
          null,
          1,
          1,
          1,
          2,
          null,
          null,
          1,
          1,
          null,
          1,
          null,
          1,
          1,
          null,
          null,
          1,
          1,
          1,
          null,
          1,
          null,
          1,
          null,
          null,
          null,
          1,
          4,
          2,
          2,
          null,
          1,
          1,
          null,
          1,
          null,
          1,
          1,
          1,
          null,
          null,
          1,
          1,
          null,
          1,
          null,
          1,
          null,
          null,
          1,
          1,
          1,
          null,
          1,
          null,
          1,
          null,
          null,
          null
        ]
      },
      "/home/poise/Desktop/CSCI3100/Project/TeamFlow/spec/requests/users_spec.rb": {
        "lines": [
          1,
          null,
          1,
          20,
          null,
          1,
          1,
          1,
          null,
          null,
          null,
          null,
          null,
          null,
          null,
          null,
          null,
          null,
          null,
          1,
          1,
          1,
          1,
          1,
          null,
          1,
          1,
          null,
          null,
          1,
          1,
          1,
          null,
          null,
          null,
          null,
          null,
          null,
          null,
          null,
          null,
          null,
          null,
          1,
          1,
          1,
          null,
          null,
          1,
          1,
          1,
          null,
          null,
          null,
          null,
          null,
          null,
          null,
          null,
          null,
          null,
          1,
          1,
          1,
          1,
          1,
          null,
          null,
          1,
          1,
          null,
          null,
          null,
          null,
          null,
          null,
          null,
          null,
          null,
          null,
          1,
          1,
          1,
          null,
          null,
          1,
          1,
          1,
          null,
          null,
          null,
          null,
          null,
          null,
          null,
          null,
          null,
          null,
          1,
          1,
          1,
          1,
          1,
          null,
          null,
          1,
          1,
          null,
          null,
          null,
          null,
          null,
          null,
          null,
          null,
          null,
          null,
          1,
          1,
          1,
          null,
          null,
          1,
          1,
          null,
          null,
          null,
          null,
          null,
          null,
          null,
          null,
          1,
          1,
          null,
          1,
          1,
          1,
          null,
          null,
          null,
          null,
          null,
          null,
          null,
          null,
          1,
          1,
          null,
          null,
          null,
          1,
          3,
          null,
          1,
          1,
          null,
          null,
          null,
          1,
          1,
          1,
          1,
          null,
          null,
          1,
          1,
          null,
          null,
          null,
          1,
          1,
          1,
          null,
          null,
          null,
          1,
          2,
          null,
          1,
          1,
          null,
          null,
          1,
          null,
          1,
          1,
          1,
          1,
          null,
          null,
          null,
          1,
          3,
          null,
          1,
          1,
          null,
          null,
          null,
          1,
          1,
          1,
          null,
          null,
          1,
          1,
          null,
          null,
          null,
          1,
          1,
          null,
          null,
          null,
          1,
          2,
          null,
          1,
          1,
          1,
          null,
          1,
          null,
          null,
          null,
          null,
          null,
          null,
          null,
          null,
          null,
          1,
          null,
          null,
          null,
          1,
          3,
          null,
          1,
          1,
          null,
          1,
          null,
          null,
          null,
          null,
          null,
          null,
          null,
          1,
          1,
          1,
          null,
          null,
          1,
          1,
          null,
          1,
          null,
          null,
          null,
          null,
          null,
          null,
          null,
          1,
          1,
          null,
          null,
          null,
          1,
          2,
          null,
          1,
          1,
          null,
          null,
          1,
          null,
          1,
          null,
          null,
          null,
          null,
          null,
          null,
          null,
          null,
          1,
          1,
          null,
          null,
          null,
          1,
          1,
          1,
          1,
          null,
          1,
          1,
          null,
          1,
          1,
          1,
          1,
          null,
          null,
          1,
          1,
          1,
          1,
          null,
          1,
          1,
          1,
          null,
          1,
          1,
          null,
          1,
          1,
          1,
          null,
          null,
          1,
          1,
          null,
          1,
          1,
          null,
          1,
          1,
          1,
          null,
          null,
          null,
          1,
          1,
          1,
          null,
          1,
          1,
          null,
          1,
          1,
          1,
          null,
          null,
          1,
          1,
          null,
          1,
          1,
          null,
          1,
          null,
          null,
          null,
          1,
          1,
          1,
          null,
          1,
          1,
          null,
          1,
          1,
          null,
          null,
          1,
          1,
          1,
          null,
          1,
          null,
          1,
          1,
          null,
          1,
          1,
          null,
          null,
          1,
          1,
          1,
          null,
          1,
          1,
          null,
          1,
          1,
          null,
          null,
          1,
          1,
          1,
          null,
          1,
          1,
          null,
          1,
          null,
          null,
          null,
          1,
          1,
          1,
          null,
          1,
          1,
          null,
          null,
          null,
          null,
          null,
          1,
          1,
          1,
          null,
          null,
          1,
          1,
          null,
          1,
          1,
          null,
          null,
          null,
          null,
          null,
          1,
          1,
          null,
          null,
          1,
          1,
          null,
          1,
          1,
          null,
          null,
          null,
          null,
          null,
          1,
          null,
          null,
          1,
          1,
          null,
          null,
          null,
          null,
          null,
          1,
          null,
          null,
          null
        ]
      },
      "/home/poise/Desktop/CSCI3100/Project/TeamFlow/spec/services/ai_spec.rb": {
        "lines": [
          1,
          null,
          1,
          1,
          2,
          2,
          null,
          1,
          1,
          1,
          null,
          null,
          null,
          1,
          1,
          null,
          1,
          1,
          null,
          null,
          null
        ]
      },
      "/home/poise/Desktop/CSCI3100/Project/TeamFlow/app/services/ai.rb": {
        "lines": [
          1,
          1,
          1,
          null,
          1,
          1,
          null,
          null,
          null,
          null,
          null,
          null,
          null,
          null,
          null,
          null,
          null,
          null,
          null,
          null,
          null,
          null,
          null,
          1,
          1,
          1,
          null,
          1,
          1,
          null,
          null,
          0,
          null,
          0,
          0,
          null,
          null,
          0,
          null,
          null,
          null,
          0,
          null,
          null,
          0,
          0,
          0,
          null,
          0,
          null,
          null,
          0,
          null,
          0,
          null,
          null,
          null,
          0,
          null,
          0,
          null,
          null,
          null,
          0,
          null,
          null,
          null
        ]
      },
      "/home/poise/Desktop/CSCI3100/Project/TeamFlow/spec/factories/tasks.rb": {
        "lines": [
          1,
          1,
          24,
          1,
          5,
          13,
          null,
          1,
          1,
          null,
          1,
          1,
          null,
          null,
          null
        ]
      },
      "/home/poise/Desktop/CSCI3100/Project/TeamFlow/spec/factories/teams.rb": {
        "lines": [
          1,
          1,
          50,
          89,
          null,
          null
        ]
      },
      "/home/poise/Desktop/CSCI3100/Project/TeamFlow/spec/factories/users.rb": {
        "lines": [
          1,
          1,
          54,
          101,
          107,
          107,
          44,
          1,
          null,
          1,
          47,
          null,
          null,
          null
        ]
      },
      "/home/poise/Desktop/CSCI3100/Project/TeamFlow/config/routes.rb": {
        "lines": [
          1,
          1,
          null,
          null,
          null,
          null,
          null,
          null,
          1,
          null,
          1,
          1,
          null,
          null,
          1,
          1,
          null,
          null,
          1,
          1,
          null,
          null,
          1,
          1,
          1,
          1,
          null,
          null,
          1,
          1,
          1,
          1,
          null,
          null,
          null,
          1,
          1,
          1,
          1,
          null,
          null,
          null,
          1,
          null,
          1,
          null,
          1,
          null
        ]
      },
      "/home/poise/Desktop/CSCI3100/Project/TeamFlow/app/models/task_transition_pending.rb": {
        "lines": [
          1,
          1,
          1,
          1,
          null,
          1,
          1,
          null,
          1,
          null,
          1,
          3,
          2,
          null,
          2,
          2,
          2,
          null,
          null,
          null,
          1,
          1,
          1,
          null,
          1,
          null,
          null
        ]
      },
      "/home/poise/Desktop/CSCI3100/Project/TeamFlow/app/controllers/task_transition_pendings_controller.rb": {
        "lines": [
          1,
          1,
          null,
          null,
          1,
          0,
          0,
          null,
          null,
          null,
          1,
          2,
          2,
          1,
          null,
          0,
          null,
          1,
          null,
          null,
          null,
          1,
          1,
          1,
          1,
          null,
          0,
          null,
          null
        ]
      },
      "/home/poise/Desktop/CSCI3100/Project/TeamFlow/app/controllers/team_members_controller.rb": {
        "lines": [
          1,
          1,
          null,
          null,
          null,
          1,
          2,
          null,
          2,
          1,
          null,
          null,
          1,
          null,
          null,
          null,
          null,
          1,
          3,
          null,
          3,
          1,
          null,
          null,
          2,
          null,
          2,
          1,
          null,
          null,
          1,
          1,
          1,
          null,
          null,
          null,
          null,
          null,
          null,
          1,
          4,
          null,
          4,
          1,
          null,
          null,
          3,
          1,
          1,
          1,
          null,
          2,
          2,
          1,
          null,
          1,
          null,
          null,
          null,
          null
        ]
      },
      "/home/poise/Desktop/CSCI3100/Project/TeamFlow/app/controllers/teams_controller.rb": {
        "lines": [
          1,
          1,
          null,
          null,
          null,
          1,
          3,
          null,
          3,
          1,
          null,
          null,
          2,
          2,
          null,
          null,
          null,
          null,
          null,
          1,
          2,
          null,
          2,
          1,
          1,
          null,
          1,
          null,
          null,
          null,
          null,
          null,
          1,
          3,
          null,
          3,
          2,
          null,
          null,
          1,
          1,
          null,
          0,
          null,
          null,
          null
        ]
      },
      "/home/poise/Desktop/CSCI3100/Project/TeamFlow/app/controllers/users/registrations_controller.rb": {
        "lines": [
          1,
          1,
          1,
          null,
          1,
          8,
          8,
          1,
          null,
          null,
          7,
          7,
          7,
          null,
          7,
          3,
          1,
          1,
          0,
          null,
          null,
          null,
          2,
          null,
          null,
          null,
          4,
          null,
          1,
          null,
          null,
          null,
          4,
          4,
          4,
          null,
          4,
          3,
          3,
          null,
          null,
          null,
          null,
          null,
          null,
          null,
          null,
          null,
          null,
          1,
          null,
          null,
          null,
          1,
          1,
          null,
          1,
          1,
          null,
          null,
          null,
          null,
          null,
          null,
          null,
          null,
          null,
          null,
          0,
          null,
          null,
          null,
          1,
          1,
          29,
          null,
          null,
          1,
          1,
          null,
          null
        ]
      },
      "/home/poise/Desktop/CSCI3100/Project/TeamFlow/app/controllers/users/sessions_controller.rb": {
        "lines": [
          null,
          1,
          1,
          1,
          null,
          1,
          4,
          4,
          null,
          4,
          3,
          3,
          null,
          null,
          null,
          null,
          null,
          null,
          null,
          null,
          null,
          null,
          1,
          null,
          null,
          null,
          1,
          1,
          1,
          null,
          null
        ]
      },
      "/home/poise/Desktop/CSCI3100/Project/TeamFlow/app/controllers/users/passwords_controller.rb": {
        "lines": [
          null,
          1,
          1,
          1,
          null,
          null,
          1,
          6,
          6,
          1,
          null,
          null,
          5,
          2,
          null,
          null,
          3,
          2,
          2,
          null,
          1,
          null,
          null,
          null,
          1,
          null,
          1,
          3,
          1,
          null,
          2,
          null,
          null,
          null
        ]
      },
      "/home/poise/Desktop/CSCI3100/Project/TeamFlow/app/controllers/users_controller.rb": {
        "lines": [
          1,
          1,
          null,
          null,
          null,
          1,
          3,
          3,
          3,
          null,
          null,
          null,
          1,
          0,
          null,
          null,
          null,
          null,
          1,
          4,
          null,
          3,
          3,
          null,
          3,
          3,
          3,
          null,
          null,
          3,
          2,
          null,
          1,
          null,
          null,
          null
        ]
      }
    },
    "timestamp": 1776173574
  },
  "Cucumber Features": {
    "coverage": {
      "/home/poise/Desktop/CSCI3100/Project/TeamFlow/config/environment.rb": {
        "lines": [
          null,
          1,
          null,
          null,
          1
        ]
      },
      "/home/poise/Desktop/CSCI3100/Project/TeamFlow/config/application.rb": {
        "lines": [
          1,
          null,
          1,
          null,
          null,
          null,
          1,
          null,
          1,
          1,
          null,
          1,
          null,
          null,
          null,
          null,
          1,
          null,
          null,
          null,
          null,
          null,
          null,
          null,
          null,
          null,
          null
        ]
      },
      "/home/poise/Desktop/CSCI3100/Project/TeamFlow/config/boot.rb": {
        "lines": [
          1,
          null,
          1,
          1
        ]
      },
      "/home/poise/Desktop/CSCI3100/Project/TeamFlow/config/environments/test.rb": {
        "lines": [
          null,
          null,
          null,
          null,
          null,
          1,
          null,
          1,
          1,
          null,
          null,
          null,
          null,
          1,
          null,
          null,
          null,
          null,
          null,
          1,
          null,
          null,
          1,
          null,
          null,
          1,
          1,
          null,
          null,
          1,
          null,
          null,
          1,
          null,
          null,
          1,
          null,
          null,
          null,
          null,
          1,
          null,
          null,
          1,
          null,
          null,
          1,
          null,
          null,
          null,
          null,
          null,
          null,
          null,
          null,
          1,
          null
        ]
      },
      "/home/poise/Desktop/CSCI3100/Project/TeamFlow/config/initializers/assets.rb": {
        "lines": [
          null,
          null,
          null,
          1,
          null,
          null,
          null
        ]
      },
      "/home/poise/Desktop/CSCI3100/Project/TeamFlow/config/initializers/content_security_policy.rb": {
        "lines": [
          null,
          null,
          null,
          null,
          null,
          null,
          null,
          null,
          null,
          null,
          null,
          null,
          null,
          null,
          null,
          null,
          null,
          null,
          null,
          null,
          null,
          null,
          null,
          null,
          null,
          null,
          null,
          null,
          null
        ]
      },
      "/home/poise/Desktop/CSCI3100/Project/TeamFlow/config/initializers/devise.rb": {
        "lines": [
          null,
          null,
          null,
          null,
          null,
          null,
          null,
          null,
          null,
          null,
          1,
          null,
          null,
          null,
          null,
          null,
          null,
          null,
          null,
          null,
          null,
          null,
          null,
          null,
          null,
          null,
          1,
          null,
          null,
          null,
          null,
          null,
          null,
          null,
          null,
          null,
          null,
          null,
          1,
          null,
          null,
          null,
          null,
          null,
          null,
          null,
          null,
          null,
          null,
          null,
          null,
          null,
          null,
          null,
          null,
          null,
          null,
          null,
          null,
          null,
          1,
          null,
          null,
          null,
          null,
          1,
          null,
          null,
          null,
          null,
          null,
          null,
          null,
          null,
          null,
          null,
          null,
          null,
          null,
          null,
          null,
          null,
          null,
          null,
          null,
          null,
          null,
          null,
          null,
          null,
          null,
          null,
          null,
          null,
          null,
          null,
          null,
          null,
          null,
          1,
          null,
          null,
          null,
          null,
          null,
          null,
          null,
          null,
          null,
          null,
          null,
          null,
          null,
          null,
          null,
          null,
          null,
          null,
          null,
          null,
          null,
          null,
          null,
          null,
          null,
          1,
          null,
          null,
          null,
          null,
          null,
          null,
          null,
          null,
          null,
          null,
          null,
          null,
          null,
          null,
          null,
          null,
          null,
          null,
          null,
          null,
          null,
          null,
          null,
          null,
          null,
          null,
          null,
          null,
          null,
          null,
          null,
          null,
          null,
          1,
          null,
          null,
          null,
          null,
          null,
          null,
          null,
          null,
          null,
          1,
          null,
          null,
          null,
          null,
          null,
          null,
          null,
          null,
          null,
          null,
          1,
          null,
          null,
          null,
          null,
          1,
          null,
          null,
          null,
          null,
          null,
          null,
          null,
          null,
          null,
          null,
          null,
          null,
          null,
          null,
          null,
          null,
          null,
          null,
          null,
          null,
          null,
          null,
          null,
          null,
          null,
          null,
          null,
          null,
          null,
          null,
          null,
          null,
          null,
          null,
          null,
          null,
          null,
          null,
          null,
          null,
          1,
          null,
          null,
          null,
          null,
          null,
          null,
          null,
          null,
          null,
          null,
          null,
          null,
          null,
          null,
          null,
          null,
          null,
          null,
          null,
          null,
          null,
          null,
          null,
          null,
          null,
          null,
          null,
          null,
          null,
          null,
          null,
          null,
          null,
          null,
          null,
          null,
          null,
          null,
          null,
          null,
          null,
          1,
          null,
          null,
          null,
          null,
          null,
          null,
          null,
          null,
          null,
          null,
          null,
          null,
          null,
          null,
          null,
          null,
          null,
          null,
          null,
          null,
          null,
          null,
          null,
          null,
          null,
          null,
          null,
          null,
          null,
          null,
          null,
          null,
          null,
          null,
          null,
          1,
          1,
          null,
          null,
          null,
          null,
          null,
          null,
          null
        ]
      },
      "/home/poise/Desktop/CSCI3100/Project/TeamFlow/config/initializers/filter_parameter_logging.rb": {
        "lines": [
          null,
          null,
          null,
          null,
          null,
          1,
          null,
          null
        ]
      },
      "/home/poise/Desktop/CSCI3100/Project/TeamFlow/config/initializers/inflections.rb": {
        "lines": [
          null,
          null,
          null,
          null,
          null,
          null,
          null,
          null,
          null,
          null,
          null,
          null,
          null,
          null,
          null,
          null
        ]
      },
      "/home/poise/Desktop/CSCI3100/Project/TeamFlow/features/step_definitions/ai_steps.rb": {
        "lines": [
          null,
          1,
          null,
          1,
          5,
          null,
          null,
          null,
          null,
          null,
          null,
          null,
          null,
          1,
          0,
          0,
          null,
          null,
          null,
          1,
          0,
          0,
          0,
          null,
          null,
          null,
          null,
          null,
          null,
          null,
          null,
          null,
          null,
          1,
          0,
          null,
          0,
          0,
          0,
          0,
          null,
          0,
          0,
          null,
          null,
          1,
          0,
          0,
          null,
          null,
          1,
          0,
          null,
          null,
          1,
          0,
          null,
          0,
          null,
          null,
          1,
          0,
          null,
          null,
          1,
          0,
          null,
          null,
          1,
          0,
          null,
          null,
          1,
          0,
          0,
          null,
          null,
          1,
          0,
          0,
          null
        ]
      },
      "/home/poise/Desktop/CSCI3100/Project/TeamFlow/features/step_definitions/task_steps.rb": {
        "lines": [
          null,
          null,
          1,
          0,
          null,
          null,
          null,
          null,
          null,
          null,
          null,
          null,
          null,
          null,
          null,
          null,
          null,
          null,
          null,
          null,
          0,
          0,
          0,
          null,
          0,
          null,
          null,
          1,
          0,
          0,
          null,
          null,
          null,
          null,
          null,
          null,
          null,
          0,
          0,
          null,
          0,
          null,
          null,
          null,
          null,
          null,
          null,
          null,
          null,
          null,
          null,
          null,
          null,
          null,
          1,
          1,
          1,
          null,
          1,
          1,
          null,
          1,
          null,
          null,
          null,
          null,
          null,
          null,
          null,
          null,
          null,
          null,
          null,
          null,
          null,
          null,
          1,
          1,
          1,
          null,
          null,
          null,
          1,
          0,
          0,
          null,
          null,
          1,
          0,
          0,
          null,
          null,
          null,
          1,
          0,
          0,
          null,
          null,
          null,
          1,
          1,
          1,
          1,
          null,
          1,
          null
        ]
      },
      "/home/poise/Desktop/CSCI3100/Project/TeamFlow/features/step_definitions/team_steps.rb": {
        "lines": [
          null,
          null,
          1,
          2,
          2,
          2,
          2,
          null,
          null,
          1,
          0,
          null,
          null,
          1,
          null,
          null,
          null,
          2,
          null,
          null,
          0,
          null,
          null,
          null,
          1,
          1,
          null,
          null,
          null,
          1,
          2,
          null,
          null,
          1,
          2,
          2,
          null,
          null
        ]
      },
      "/home/poise/Desktop/CSCI3100/Project/TeamFlow/features/step_definitions/user_steps.rb": {
        "lines": [
          null,
          null,
          1,
          1,
          1,
          null,
          null,
          null,
          null,
          null,
          null,
          null,
          null,
          1,
          1,
          1,
          1,
          null,
          1,
          1,
          1,
          null,
          null,
          1,
          1,
          1,
          1,
          null,
          null,
          null,
          null,
          null,
          null,
          null,
          null,
          1,
          1,
          1,
          1,
          null,
          null,
          1,
          0,
          0,
          null,
          null,
          1,
          1,
          1,
          null,
          1,
          1,
          null,
          null,
          1,
          3,
          3,
          3,
          null,
          5,
          5,
          5,
          null,
          null,
          5,
          5,
          5,
          null,
          null,
          null,
          null,
          null,
          null,
          null,
          null,
          null,
          null,
          null,
          null,
          5,
          0,
          null,
          null,
          null,
          null,
          null,
          5,
          null,
          null,
          null,
          null,
          null,
          null,
          null,
          null,
          null,
          null,
          null,
          null,
          null,
          null,
          null,
          null,
          null,
          null,
          null,
          null,
          null,
          null,
          null,
          null,
          null,
          null,
          null,
          null,
          null,
          null,
          null,
          5,
          null,
          5,
          null,
          5,
          null,
          null,
          3,
          null,
          2,
          2,
          2,
          2,
          null,
          null,
          0,
          0,
          0,
          0,
          null,
          0,
          null,
          null,
          0,
          null,
          0,
          null,
          0,
          null,
          null,
          null,
          1,
          1,
          null,
          null,
          1,
          1,
          null,
          null,
          1,
          2,
          null,
          null,
          1,
          0,
          0,
          0,
          null,
          null,
          null,
          null,
          null,
          0,
          0,
          0,
          0,
          0,
          null,
          0,
          0,
          0,
          null,
          null,
          1,
          1,
          1,
          1,
          null,
          null,
          null,
          null,
          null,
          1,
          1,
          1,
          1,
          1,
          null,
          null,
          1,
          1,
          1,
          null,
          null,
          1,
          null,
          0,
          null,
          0,
          null,
          null,
          null,
          1,
          1,
          1,
          null,
          null,
          null,
          null,
          null,
          null,
          null,
          null,
          null,
          null,
          null,
          1,
          0,
          null,
          null,
          null,
          1,
          1,
          1,
          1,
          null,
          null,
          null,
          1,
          1,
          1,
          null,
          1,
          1,
          null,
          null,
          null,
          null,
          null,
          null,
          null,
          null,
          null,
          null,
          null,
          1,
          null,
          null,
          null,
          1,
          10,
          null,
          null,
          1,
          2,
          null,
          null,
          1,
          0,
          null,
          null,
          1,
          0,
          0,
          null,
          null,
          1,
          0,
          0,
          0,
          0,
          0,
          null,
          0,
          0,
          0,
          null,
          null,
          1,
          3,
          3,
          1,
          null,
          1,
          1,
          null,
          null,
          null,
          1,
          1,
          1,
          1,
          null,
          null,
          null,
          null,
          null,
          null,
          null,
          1,
          0,
          null,
          null,
          1,
          0,
          null
        ]
      },
      "/home/poise/Desktop/CSCI3100/Project/TeamFlow/app/services/ai.rb": {
        "lines": [
          1,
          1,
          1,
          null,
          1,
          1,
          null,
          null,
          null,
          null,
          null,
          null,
          null,
          null,
          null,
          null,
          null,
          null,
          null,
          null,
          null,
          null,
          null,
          1,
          1,
          0,
          null,
          0,
          0,
          null,
          null,
          0,
          null,
          0,
          0,
          null,
          null,
          0,
          null,
          null,
          null,
          0,
          null,
          null,
          0,
          0,
          0,
          null,
          0,
          null,
          null,
          0,
          null,
          0,
          null,
          null,
          null,
          0,
          null,
          0,
          null,
          null,
          null,
          0,
          null,
          null,
          null
        ]
      },
      "/home/poise/Desktop/CSCI3100/Project/TeamFlow/app/models/team.rb": {
        "lines": [
          1,
          1,
          1,
          null,
          1,
          null
        ]
      },
      "/home/poise/Desktop/CSCI3100/Project/TeamFlow/app/models/application_record.rb": {
        "lines": [
          1,
          1,
          null
        ]
      },
      "/home/poise/Desktop/CSCI3100/Project/TeamFlow/app/models/user.rb": {
        "lines": [
          1,
          1,
          null,
          1,
          null,
          1,
          1,
          1,
          1,
          null,
          1,
          null,
          1,
          1,
          1,
          null,
          1,
          1,
          null,
          null,
          1,
          15,
          null,
          null,
          null,
          null,
          null,
          null,
          null,
          null,
          null,
          null,
          null,
          null,
          null,
          1,
          null,
          1,
          8,
          null,
          null,
          1,
          9,
          0,
          null,
          9,
          null,
          null,
          9,
          2,
          null,
          null,
          null,
          null
        ]
      },
      "/home/poise/Desktop/CSCI3100/Project/TeamFlow/config/routes.rb": {
        "lines": [
          1,
          1,
          null,
          null,
          null,
          null,
          null,
          null,
          1,
          null,
          1,
          1,
          null,
          null,
          1,
          1,
          null,
          null,
          1,
          1,
          null,
          null,
          1,
          1,
          1,
          1,
          null,
          null,
          1,
          1,
          1,
          1,
          null,
          null,
          null,
          1,
          1,
          1,
          1,
          null,
          null,
          null,
          1,
          null,
          1,
          null,
          1,
          null
        ]
      },
      "/home/poise/Desktop/CSCI3100/Project/TeamFlow/app/controllers/welcome_controller.rb": {
        "lines": [
          1,
          1,
          null,
          null
        ]
      },
      "/home/poise/Desktop/CSCI3100/Project/TeamFlow/app/controllers/application_controller.rb": {
        "lines": [
          1,
          null,
          1,
          null,
          null,
          1,
          null,
          null,
          98,
          null
        ]
      },
      "/home/poise/Desktop/CSCI3100/Project/TeamFlow/app/helpers/application_helper.rb": {
        "lines": [
          1,
          null
        ]
      },
      "/home/poise/Desktop/CSCI3100/Project/TeamFlow/app/helpers/welcome_helper.rb": {
        "lines": [
          1,
          null
        ]
      },
      "/home/poise/Desktop/CSCI3100/Project/TeamFlow/app/controllers/users_controller.rb": {
        "lines": [
          1,
          1,
          null,
          null,
          null,
          1,
          8,
          8,
          8,
          null,
          null,
          null,
          1,
          7,
          null,
          null,
          null,
          null,
          1,
          0,
          null,
          0,
          0,
          null,
          0,
          0,
          0,
          null,
          null,
          0,
          0,
          null,
          0,
          null,
          null,
          null
        ]
      },
      "/home/poise/Desktop/CSCI3100/Project/TeamFlow/app/controllers/users/sessions_controller.rb": {
        "lines": [
          null,
          1,
          1,
          1,
          null,
          1,
          2,
          2,
          null,
          2,
          2,
          2,
          null,
          null,
          null,
          null,
          null,
          null,
          null,
          null,
          null,
          null,
          0,
          null,
          null,
          null,
          1,
          0,
          0,
          null,
          null
        ]
      },
      "/home/poise/Desktop/CSCI3100/Project/TeamFlow/app/controllers/tasks_controller.rb": {
        "lines": [
          1,
          1,
          null,
          null,
          null,
          1,
          24,
          0,
          0,
          null,
          null,
          24,
          24,
          null,
          null,
          null,
          1,
          0,
          null,
          0,
          0,
          null,
          null,
          0,
          null,
          null,
          null,
          null,
          null,
          1,
          0,
          0,
          null,
          null,
          0,
          0,
          null,
          null,
          0,
          0,
          0,
          null,
          0,
          0,
          0,
          0,
          null,
          null,
          null,
          0,
          0,
          0,
          0,
          null,
          0,
          null,
          0,
          null,
          null,
          null,
          null,
          null,
          1,
          0,
          null,
          0,
          0,
          null,
          null,
          0,
          0,
          null,
          0,
          null,
          null,
          null,
          null,
          null,
          1,
          0,
          null,
          0,
          0,
          null,
          null,
          0,
          0,
          null,
          null,
          null,
          null,
          1,
          1,
          null,
          1,
          0,
          null,
          null,
          1,
          0,
          null,
          null,
          1,
          1,
          0,
          null,
          null,
          1,
          0,
          null,
          null,
          1,
          0,
          null,
          null,
          1,
          1,
          0,
          0,
          0,
          null,
          null,
          0,
          null,
          1,
          null,
          null,
          null,
          null,
          1,
          0,
          null,
          0,
          0,
          null,
          null,
          0,
          0,
          null,
          null,
          null,
          null,
          1,
          0,
          null,
          0,
          0,
          null,
          null,
          0,
          0,
          null,
          null,
          0,
          0,
          0,
          null,
          0,
          null,
          null,
          0,
          null,
          0,
          null,
          null,
          null,
          null,
          1,
          0,
          null,
          0,
          0,
          null,
          null,
          0,
          0,
          null,
          null,
          0,
          0,
          null,
          0,
          null,
          null,
          null,
          null,
          null,
          null,
          null,
          null,
          null,
          null,
          1,
          0,
          null,
          0,
          0,
          0,
          null,
          null,
          0,
          null,
          0,
          0,
          null,
          0,
          null,
          null,
          null,
          1,
          null,
          1,
          0,
          null,
          null,
          1,
          0,
          null,
          null,
          1,
          1,
          0,
          null,
          0,
          null,
          null
        ]
      },
      "/home/poise/Desktop/CSCI3100/Project/TeamFlow/app/controllers/teams_controller.rb": {
        "lines": [
          1,
          1,
          null,
          null,
          null,
          1,
          30,
          null,
          30,
          0,
          null,
          null,
          30,
          30,
          null,
          null,
          null,
          null,
          null,
          1,
          0,
          null,
          0,
          0,
          0,
          null,
          0,
          null,
          null,
          null,
          null,
          null,
          1,
          0,
          null,
          0,
          0,
          null,
          null,
          0,
          0,
          null,
          0,
          null,
          null,
          null
        ]
      },
      "/home/poise/Desktop/CSCI3100/Project/TeamFlow/app/models/task.rb": {
        "lines": [
          1,
          1,
          1,
          1,
          1,
          1,
          1,
          null,
          1,
          1,
          null,
          1,
          1,
          1,
          1,
          null,
          1,
          1,
          null,
          1,
          1,
          1,
          null,
          1,
          1,
          1,
          null,
          1,
          1,
          1,
          1,
          1,
          null,
          1,
          0,
          0,
          null,
          null,
          1,
          1,
          null,
          null,
          1,
          1,
          null,
          null,
          1,
          0,
          null,
          null,
          1,
          0,
          0,
          null,
          0,
          0,
          null,
          null,
          null,
          null,
          null,
          null,
          0,
          null,
          0,
          0,
          null,
          null,
          null,
          1,
          0,
          null,
          null,
          1,
          0,
          null,
          0,
          0,
          0,
          null,
          0,
          null,
          null,
          null,
          null,
          1,
          1,
          null,
          null,
          1,
          1,
          4,
          1,
          null,
          null,
          1,
          2,
          null,
          null,
          1,
          1,
          null,
          null,
          1,
          1,
          null,
          0,
          null,
          null,
          1,
          1,
          null,
          0,
          null,
          null,
          1,
          2,
          null,
          1,
          1,
          null,
          1,
          null,
          null,
          1,
          2,
          14,
          null,
          2,
          0,
          null,
          null,
          2,
          null,
          null,
          1,
          0,
          0,
          null,
          0,
          0,
          0,
          null,
          null,
          1,
          2,
          null,
          4,
          null,
          null,
          null,
          null,
          1,
          3,
          null,
          15,
          null,
          null,
          15,
          null,
          null,
          1,
          8,
          null,
          null,
          1,
          8,
          null,
          null,
          1,
          null,
          1,
          1,
          1,
          null,
          null
        ]
      },
      "/home/poise/Desktop/CSCI3100/Project/TeamFlow/app/controllers/users/passwords_controller.rb": {
        "lines": [
          null,
          1,
          1,
          1,
          null,
          null,
          1,
          0,
          0,
          0,
          null,
          null,
          0,
          0,
          null,
          null,
          0,
          0,
          0,
          null,
          0,
          null,
          null,
          null,
          1,
          null,
          1,
          1,
          0,
          null,
          1,
          null,
          null,
          null
        ]
      },
      "/home/poise/Desktop/CSCI3100/Project/TeamFlow/app/controllers/users/registrations_controller.rb": {
        "lines": [
          1,
          1,
          1,
          null,
          1,
          4,
          4,
          0,
          null,
          null,
          4,
          4,
          4,
          null,
          4,
          1,
          1,
          1,
          0,
          null,
          null,
          null,
          0,
          null,
          null,
          null,
          3,
          null,
          1,
          null,
          null,
          null,
          3,
          3,
          3,
          null,
          3,
          2,
          2,
          null,
          null,
          null,
          null,
          null,
          null,
          null,
          null,
          null,
          null,
          1,
          null,
          null,
          null,
          1,
          0,
          null,
          0,
          0,
          null,
          null,
          null,
          null,
          null,
          null,
          null,
          null,
          null,
          null,
          0,
          null,
          null,
          null,
          1,
          1,
          19,
          null,
          null,
          1,
          0,
          null,
          null
        ]
      },
      "/home/poise/Desktop/CSCI3100/Project/TeamFlow/app/controllers/team_members_controller.rb": {
        "lines": [
          1,
          1,
          null,
          null,
          null,
          1,
          2,
          null,
          2,
          0,
          null,
          null,
          2,
          null,
          null,
          null,
          null,
          1,
          0,
          null,
          0,
          0,
          null,
          null,
          0,
          null,
          0,
          0,
          null,
          null,
          0,
          0,
          0,
          null,
          null,
          null,
          null,
          null,
          null,
          1,
          0,
          null,
          0,
          0,
          null,
          null,
          0,
          0,
          0,
          0,
          null,
          0,
          0,
          0,
          null,
          0,
          null,
          null,
          null,
          null
        ]
      },
      "/home/poise/Desktop/CSCI3100/Project/TeamFlow/app/controllers/task_transition_pendings_controller.rb": {
        "lines": [
          1,
          1,
          null,
          null,
          1,
          1,
          1,
          null,
          null,
          null,
          1,
          0,
          0,
          0,
          null,
          0,
          null,
          0,
          null,
          null,
          null,
          1,
          0,
          0,
          0,
          null,
          0,
          null,
          null
        ]
      },
      "/home/poise/Desktop/CSCI3100/Project/TeamFlow/app/models/task_transition_pending.rb": {
        "lines": [
          1,
          1,
          1,
          1,
          null,
          1,
          1,
          null,
          1,
          null,
          1,
          0,
          0,
          null,
          0,
          0,
          0,
          null,
          null,
          null,
          1,
          0,
          0,
          null,
          0,
          null,
          null
        ]
      }
    },
    "timestamp": 1776173599
  }
}
